[0.000000] (-) TimerEvent: {}
[0.000791] (apriltag_msgs) JobQueued: {'identifier': 'apriltag_msgs', 'dependencies': OrderedDict()}
[0.001104] (py_pysub) JobQueued: {'identifier': 'py_pysub', 'dependencies': OrderedDict()}
[0.001276] (apriltag_ros) JobQueued: {'identifier': 'apriltag_ros', 'dependencies': OrderedDict([('apriltag_msgs', '/home/april/workAreas/apriltag_ws/install/apriltag_msgs')])}
[0.001404] (cam_subscriber) JobQueued: {'identifier': 'cam_subscriber', 'dependencies': OrderedDict([('apriltag_msgs', '/home/april/workAreas/apriltag_ws/install/apriltag_msgs')])}
[0.010920] (apriltag_msgs) JobStarted: {'identifier': 'apriltag_msgs'}
[0.094162] (py_pysub) JobStarted: {'identifier': 'py_pysub'}
[0.103573] (-) TimerEvent: {}
[0.202482] (apriltag_msgs) JobProgress: {'identifier': 'apriltag_msgs', 'progress': 'cmake'}
[0.203885] (-) TimerEvent: {}
[0.208542] (apriltag_msgs) JobProgress: {'identifier': 'apriltag_msgs', 'progress': 'build'}
[0.213293] (apriltag_msgs) Command: {'cmd': ['/usr/bin/cmake', '--build', '/home/april/workAreas/apriltag_ws/build/apriltag_msgs', '--', '-j4', '-l4'], 'cwd': '/home/april/workAreas/apriltag_ws/build/apriltag_msgs', 'env': OrderedDict([('GJS_DEBUG_TOPICS', 'JS ERROR;JS LOG'), ('LESSOPEN', '| /usr/bin/lesspipe %s'), ('USER', 'april'), ('SSH_AGENT_PID', '1785'), ('XDG_SESSION_TYPE', 'x11'), ('SHLVL', '1'), ('LD_LIBRARY_PATH', '/home/april/workAreas/apriltag_ws/install/apriltag_ros/lib:/home/april/workAreas/apriltag_ws/install/apriltag_msgs/lib:/home/april/rosApril_ws/install/apriltag_ros/lib:/home/april/rosApril_ws/install/apriltag_msgs/lib:/opt/ros/foxy/opt/yaml_cpp_vendor/lib:/opt/ros/foxy/opt/rviz_ogre_vendor/lib:/opt/ros/foxy/lib/aarch64-linux-gnu:/opt/ros/foxy/lib'), ('HOME', '/home/april'), ('DESKTOP_SESSION', 'ubuntu'), ('ROS_PYTHON_VERSION', '3'), ('GNOME_SHELL_SESSION_MODE', 'ubuntu'), ('GTK_MODULES', 'gail:atk-bridge'), ('MANAGERPID', '1611'), ('DBUS_SESSION_BUS_ADDRESS', 'unix:path=/run/user/1000/bus'), ('COLORTERM', 'truecolor'), ('IM_CONFIG_PHASE', '1'), ('COLCON_PREFIX_PATH', '/home/april/workAreas/apriltag_ws/install:/home/april/rosApril_ws/install'), ('ROS_DISTRO', 'foxy'), ('LOGNAME', 'april'), ('JOURNAL_STREAM', '9:40138'), ('_', '/usr/bin/colcon'), ('ROS_VERSION', '2'), ('XDG_SESSION_CLASS', 'user'), ('USERNAME', 'april'), ('TERM', 'xterm-256color'), ('GNOME_DESKTOP_SESSION_ID', 'this-is-deprecated'), ('ROS_LOCALHOST_ONLY', '0'), ('WINDOWPATH', '2'), ('PATH', '/opt/ros/foxy/bin:/home/april/.local/bin:/usr/local/sbin:/usr/local/bin:/usr/sbin:/usr/bin:/sbin:/bin:/usr/games:/usr/local/games:/snap/bin'), ('SESSION_MANAGER', 'local/pi-april:@/tmp/.ICE-unix/1839,unix/pi-april:/tmp/.ICE-unix/1839'), ('INVOCATION_ID', 'e26e6371b2874b3daa94032fb2e82faa'), ('XDG_MENU_PREFIX', 'gnome-'), ('GNOME_TERMINAL_SCREEN', '/org/gnome/Terminal/screen/e74708b9_0f41_4243_88db_75bd0c3ae2c9'), ('XDG_RUNTIME_DIR', '/run/user/1000'), ('DISPLAY', ':1'), ('LANG', 'en_US.UTF-8'), ('XDG_CURRENT_DESKTOP', 'ubuntu:GNOME'), ('XMODIFIERS', '@im=ibus'), ('XDG_SESSION_DESKTOP', 'ubuntu'), ('XAUTHORITY', '/run/user/1000/gdm/Xauthority'), ('LS_COLORS', 'rs=0:di=01;34:ln=01;36:mh=00:pi=40;33:so=01;35:do=01;35:bd=40;33;01:cd=40;33;01:or=40;31;01:mi=00:su=37;41:sg=30;43:ca=30;41:tw=30;42:ow=34;42:st=37;44:ex=01;32:*.tar=01;31:*.tgz=01;31:*.arc=01;31:*.arj=01;31:*.taz=01;31:*.lha=01;31:*.lz4=01;31:*.lzh=01;31:*.lzma=01;31:*.tlz=01;31:*.txz=01;31:*.tzo=01;31:*.t7z=01;31:*.zip=01;31:*.z=01;31:*.dz=01;31:*.gz=01;31:*.lrz=01;31:*.lz=01;31:*.lzo=01;31:*.xz=01;31:*.zst=01;31:*.tzst=01;31:*.bz2=01;31:*.bz=01;31:*.tbz=01;31:*.tbz2=01;31:*.tz=01;31:*.deb=01;31:*.rpm=01;31:*.jar=01;31:*.war=01;31:*.ear=01;31:*.sar=01;31:*.rar=01;31:*.alz=01;31:*.ace=01;31:*.zoo=01;31:*.cpio=01;31:*.7z=01;31:*.rz=01;31:*.cab=01;31:*.wim=01;31:*.swm=01;31:*.dwm=01;31:*.esd=01;31:*.jpg=01;35:*.jpeg=01;35:*.mjpg=01;35:*.mjpeg=01;35:*.gif=01;35:*.bmp=01;35:*.pbm=01;35:*.pgm=01;35:*.ppm=01;35:*.tga=01;35:*.xbm=01;35:*.xpm=01;35:*.tif=01;35:*.tiff=01;35:*.png=01;35:*.svg=01;35:*.svgz=01;35:*.mng=01;35:*.pcx=01;35:*.mov=01;35:*.mpg=01;35:*.mpeg=01;35:*.m2v=01;35:*.mkv=01;35:*.webm=01;35:*.ogm=01;35:*.mp4=01;35:*.m4v=01;35:*.mp4v=01;35:*.vob=01;35:*.qt=01;35:*.nuv=01;35:*.wmv=01;35:*.asf=01;35:*.rm=01;35:*.rmvb=01;35:*.flc=01;35:*.avi=01;35:*.fli=01;35:*.flv=01;35:*.gl=01;35:*.dl=01;35:*.xcf=01;35:*.xwd=01;35:*.yuv=01;35:*.cgm=01;35:*.emf=01;35:*.ogv=01;35:*.ogx=01;35:*.aac=00;36:*.au=00;36:*.flac=00;36:*.m4a=00;36:*.mid=00;36:*.midi=00;36:*.mka=00;36:*.mp3=00;36:*.mpc=00;36:*.ogg=00;36:*.ra=00;36:*.wav=00;36:*.oga=00;36:*.opus=00;36:*.spx=00;36:*.xspf=00;36:'), ('GNOME_TERMINAL_SERVICE', ':1.80'), ('SSH_AUTH_SOCK', '/run/user/1000/keyring/ssh'), ('AMENT_PREFIX_PATH', '/home/april/workAreas/apriltag_ws/install/py_pysub:/home/april/workAreas/apriltag_ws/install/cam_subscriber:/home/april/workAreas/apriltag_ws/install/apriltag_ros:/home/april/workAreas/apriltag_ws/install/apriltag_msgs:/home/april/rosApril_ws/install/py_pysub:/home/april/rosApril_ws/install/cam_subscriber:/home/april/rosApril_ws/install/apriltag_ros:/home/april/rosApril_ws/install/apriltag_msgs:/opt/ros/foxy'), ('SHELL', '/bin/bash'), ('QT_ACCESSIBILITY', '1'), ('GDMSESSION', 'ubuntu'), ('LESSCLOSE', '/usr/bin/lesspipe %s %s'), ('GPG_AGENT_INFO', '/run/user/1000/gnupg/S.gpg-agent:0:1'), ('GJS_DEBUG_OUTPUT', 'stderr'), ('QT_IM_MODULE', 'ibus'), ('PWD', '/home/april/workAreas/apriltag_ws/build/apriltag_msgs'), ('LC_ALL', 'en_US.UTF-8'), ('XDG_CONFIG_DIRS', '/etc/xdg/xdg-ubuntu:/etc/xdg'), ('XDG_DATA_DIRS', '/usr/share/ubuntu:/usr/local/share/:/usr/share/:/var/lib/snapd/desktop'), ('PYTHONPATH', '/home/april/workAreas/apriltag_ws/install/py_pysub/lib/python3.8/site-packages:/home/april/workAreas/apriltag_ws/install/cam_subscriber/lib/python3.8/site-packages:/home/april/workAreas/apriltag_ws/install/apriltag_msgs/lib/python3.8/site-packages:/home/april/rosApril_ws/install/py_pysub/lib/python3.8/site-packages:/home/april/rosApril_ws/install/cam_subscriber/lib/python3.8/site-packages:/home/april/rosApril_ws/install/apriltag_msgs/lib/python3.8/site-packages:/opt/ros/foxy/lib/python3.8/site-packages'), ('COLCON', '1'), ('VTE_VERSION', '6003'), ('CMAKE_PREFIX_PATH', '/home/april/workAreas/apriltag_ws/install/apriltag_ros:/home/april/workAreas/apriltag_ws/install/apriltag_msgs:/home/april/rosApril_ws/install/apriltag_ros:/home/april/rosApril_ws/install/apriltag_msgs:/home/april/workAreas/apriltag_ws/install/py_pysub:/home/april/workAreas/apriltag_ws/install/cam_subscriber:/home/april/rosApril_ws/install/py_pysub:/home/april/rosApril_ws/install/cam_subscriber:/opt/ros/foxy')]), 'shell': False}
[0.304186] (-) TimerEvent: {}
[0.408879] (-) TimerEvent: {}
[0.513905] (-) TimerEvent: {}
[0.614953] (-) TimerEvent: {}
[0.720113] (-) TimerEvent: {}
[0.799721] (apriltag_msgs) StdoutLine: {'line': b'[  2%] Built target apriltag_msgs__cpp\n'}
[0.817439] (-) TimerEvent: {}
[0.922853] (-) TimerEvent: {}
[0.994225] (apriltag_msgs) StdoutLine: {'line': b'[ 12%] Built target apriltag_msgs__rosidl_generator_c\n'}
[1.023054] (-) TimerEvent: {}
[1.123872] (-) TimerEvent: {}
[1.224678] (-) TimerEvent: {}
[1.229389] (apriltag_msgs) StdoutLine: {'line': b'[ 23%] Built target apriltag_msgs__rosidl_typesupport_introspection_cpp\n'}
[1.325193] (-) TimerEvent: {}
[1.426419] (-) TimerEvent: {}
[1.463653] (apriltag_msgs) StdoutLine: {'line': b'[ 34%] Built target apriltag_msgs__rosidl_typesupport_introspection_c\n'}
[1.526741] (-) TimerEvent: {}
[1.628207] (-) TimerEvent: {}
[1.679317] (apriltag_msgs) StdoutLine: {'line': b'[ 44%] Built target apriltag_msgs__rosidl_typesupport_c\n'}
[1.728404] (-) TimerEvent: {}
[1.829352] (-) TimerEvent: {}
[1.930613] (-) TimerEvent: {}
[2.033800] (-) TimerEvent: {}
[2.076412] (apriltag_msgs) StdoutLine: {'line': b'[ 55%] Built target apriltag_msgs__rosidl_typesupport_fastrtps_cpp\n'}
[2.134438] (-) TimerEvent: {}
[2.237423] (-) TimerEvent: {}
[2.339755] (-) TimerEvent: {}
[2.341945] (apriltag_msgs) StdoutLine: {'line': b'[ 65%] Built target apriltag_msgs__rosidl_typesupport_cpp\n'}
[2.440780] (-) TimerEvent: {}
[2.542299] (-) TimerEvent: {}
[2.644780] (apriltag_msgs) StdoutLine: {'line': b'[ 76%] Built target apriltag_msgs__rosidl_typesupport_fastrtps_c\n'}
[2.648670] (-) TimerEvent: {}
[2.751093] (-) TimerEvent: {}
[2.767058] (apriltag_msgs) StderrLine: {'line': b'make[2]: *** [CMakeFiles/apriltag_msgs.dir/build.make:106: CMakeFiles/apriltag_msgs.dir/depend] Interrupt\n'}
[2.792669] (apriltag_msgs) StderrLine: {'line': b'make[1]: *** [CMakeFiles/Makefile2:219: CMakeFiles/apriltag_msgs.dir/all] Interrupt\n'}
[2.838004] (apriltag_msgs) StderrLine: {'line': b'make: *** [Makefile:141: all] Interrupt\n'}
[2.839192] (apriltag_msgs) CommandEnded: {'returncode': -2}
[2.851733] (-) TimerEvent: {}
[2.886815] (py_pysub) StderrLine: {'line': b'Traceback (most recent call last):\n  File "/usr/lib/python3/dist-packages/colcon_parallel_executor/executor/parallel.py", line 67, in execute\n    loop.run_until_complete(future)\n  File "/usr/lib/python3.8/asyncio/base_events.py", line 603, in run_until_complete\n    self.run_forever()\n  File "/usr/lib/python3.8/asyncio/base_events.py", line 570, in run_forever\n    self._run_once()\n  File "/usr/lib/python3.8/asyncio/base_events.py", line 1823, in _run_once\n    event_list = self._selector.select(timeout)\n  File "/usr/lib/python3.8/selectors.py", line 468, in select\n    fd_event_list = self._selector.poll(timeout, max_ev)\nKeyboardInterrupt\n\nDuring handling of the above exception, another exception occurred:\n\nTraceback (most recent call last):\n  File "/usr/lib/python3/dist-packages/colcon_core/executor/__init__.py", line 91, in __call__\n    rc = await self.task(*args, **kwargs)\n  File "/usr/lib/python3/dist-packages/colcon_core/task/__init__.py", line 93, in __call__\n    return await task_method(*args, **kwargs)\n  File "/usr/lib/python3/dist-packages/colcon_ros/task/ament_python/build.py", line 105, in build\n    return await extension.build(additional_hooks=additional_hooks)\n  File "/usr/lib/python3/dist-packages/colcon_core/task/python/build.py", line 81, in build\n    available_commands = await self._get_available_commands(\n  File "/usr/lib/python3/dist-packages/colcon_core/task/python/build.py", line 171, in _get_available_commands\n    output = await check_output(\n  File "/usr/lib/python3/dist-packages/colcon_core/subprocess.py", line 128, in check_output\n    assert not rc, f\'Expected {args} to pass: {stderr_data}\'\nAssertionError: Expected [\'/usr/bin/python3\', \'setup.py\', \'--help-commands\'] to pass: Traceback (most recent call last):\n  File "setup.py", line 1, in <module>\n    from setuptools import setup\n  File "/usr/lib/python3/dist-packages/setuptools/__init__.py", line 5, in <module>\n    import distutils.core\n  File "/usr/lib/python3.8/distutils/core.py", line 16, in <module>\n    from distutils.dist import Distribution\n  File "/usr/lib/python3.8/distutils/dist.py", line 9, in <module>\n    import re\n  File "<frozen importlib._bootstrap>", line 991, in _find_and_load\n  File "<frozen importlib._bootstrap>", line 975, in _find_and_load_unlocked\n  File "<frozen importlib._bootstrap>", line 671, in _load_unlocked\n  File "<frozen importlib._bootstrap_external>", line 844, in exec_module\n  File "<frozen importlib._bootstrap_external>", line 933, in get_code\n  File "<frozen importlib._bootstrap_external>", line 1078, in path_stats\nKeyboardInterrupt\n\n'}
[2.891519] (py_pysub) JobEnded: {'identifier': 'py_pysub', 'rc': 'SIGINT'}
[2.952086] (-) TimerEvent: {}
[3.054371] (-) TimerEvent: {}
[3.161215] (-) TimerEvent: {}
[3.262615] (-) TimerEvent: {}
[3.363930] (-) TimerEvent: {}
[3.465815] (-) TimerEvent: {}
[3.567146] (-) TimerEvent: {}
[3.668195] (-) TimerEvent: {}
[3.769162] (-) TimerEvent: {}
[3.855073] (apriltag_msgs) JobEnded: {'identifier': 'apriltag_msgs', 'rc': 'SIGINT'}
[3.870259] (-) TimerEvent: {}
[3.900141] (apriltag_ros) JobSkipped: {'identifier': 'apriltag_ros'}
[3.901518] (cam_subscriber) JobSkipped: {'identifier': 'cam_subscriber'}
[3.902525] (-) EventReactorShutdown: {}
