[0.000000] (-) TimerEvent: {}
[0.002202] (apriltag_msgs) JobQueued: {'identifier': 'apriltag_msgs', 'dependencies': OrderedDict()}
[0.002769] (py_pysub) JobQueued: {'identifier': 'py_pysub', 'dependencies': OrderedDict()}
[0.004222] (apriltag_ros) JobQueued: {'identifier': 'apriltag_ros', 'dependencies': OrderedDict([('apriltag_msgs', '/home/april/workAreas/apriltag_ws/install/apriltag_msgs')])}
[0.005465] (cam_subscriber) JobQueued: {'identifier': 'cam_subscriber', 'dependencies': OrderedDict([('apriltag_msgs', '/home/april/workAreas/apriltag_ws/install/apriltag_msgs')])}
[0.006197] (apriltag_msgs) JobStarted: {'identifier': 'apriltag_msgs'}
[0.073828] (-) TimerEvent: {}
[0.100712] (py_pysub) JobStarted: {'identifier': 'py_pysub'}
[0.178956] (-) TimerEvent: {}
[0.228879] (apriltag_msgs) JobProgress: {'identifier': 'apriltag_msgs', 'progress': 'cmake'}
[0.233477] (apriltag_msgs) JobProgress: {'identifier': 'apriltag_msgs', 'progress': 'build'}
[0.236860] (apriltag_msgs) Command: {'cmd': ['/usr/bin/cmake', '--build', '/home/april/workAreas/apriltag_ws/build/apriltag_msgs', '--', '-j4', '-l4'], 'cwd': '/home/april/workAreas/apriltag_ws/build/apriltag_msgs', 'env': OrderedDict([('GJS_DEBUG_TOPICS', 'JS ERROR;JS LOG'), ('LESSOPEN', '| /usr/bin/lesspipe %s'), ('USER', 'april'), ('SSH_AGENT_PID', '1785'), ('XDG_SESSION_TYPE', 'x11'), ('SHLVL', '1'), ('LD_LIBRARY_PATH', '/home/april/workAreas/apriltag_ws/install/apriltag_ros/lib:/home/april/workAreas/apriltag_ws/install/apriltag_msgs/lib:/home/april/rosApril_ws/install/apriltag_ros/lib:/home/april/rosApril_ws/install/apriltag_msgs/lib:/opt/ros/foxy/opt/yaml_cpp_vendor/lib:/opt/ros/foxy/opt/rviz_ogre_vendor/lib:/opt/ros/foxy/lib/aarch64-linux-gnu:/opt/ros/foxy/lib'), ('HOME', '/home/april'), ('DESKTOP_SESSION', 'ubuntu'), ('ROS_PYTHON_VERSION', '3'), ('GNOME_SHELL_SESSION_MODE', 'ubuntu'), ('GTK_MODULES', 'gail:atk-bridge'), ('MANAGERPID', '1611'), ('DBUS_SESSION_BUS_ADDRESS', 'unix:path=/run/user/1000/bus'), ('COLORTERM', 'truecolor'), ('IM_CONFIG_PHASE', '1'), ('COLCON_PREFIX_PATH', '/home/april/workAreas/apriltag_ws/install:/home/april/rosApril_ws/install'), ('ROS_DISTRO', 'foxy'), ('LOGNAME', 'april'), ('JOURNAL_STREAM', '9:40138'), ('_', '/usr/bin/colcon'), ('ROS_VERSION', '2'), ('XDG_SESSION_CLASS', 'user'), ('USERNAME', 'april'), ('TERM', 'xterm-256color'), ('GNOME_DESKTOP_SESSION_ID', 'this-is-deprecated'), ('ROS_LOCALHOST_ONLY', '0'), ('WINDOWPATH', '2'), ('PATH', '/opt/ros/foxy/bin:/home/april/.local/bin:/usr/local/sbin:/usr/local/bin:/usr/sbin:/usr/bin:/sbin:/bin:/usr/games:/usr/local/games:/snap/bin'), ('SESSION_MANAGER', 'local/pi-april:@/tmp/.ICE-unix/1839,unix/pi-april:/tmp/.ICE-unix/1839'), ('INVOCATION_ID', 'e26e6371b2874b3daa94032fb2e82faa'), ('XDG_MENU_PREFIX', 'gnome-'), ('GNOME_TERMINAL_SCREEN', '/org/gnome/Terminal/screen/e74708b9_0f41_4243_88db_75bd0c3ae2c9'), ('XDG_RUNTIME_DIR', '/run/user/1000'), ('DISPLAY', ':1'), ('LANG', 'en_US.UTF-8'), ('XDG_CURRENT_DESKTOP', 'ubuntu:GNOME'), ('XMODIFIERS', '@im=ibus'), ('XDG_SESSION_DESKTOP', 'ubuntu'), ('XAUTHORITY', '/run/user/1000/gdm/Xauthority'), ('LS_COLORS', 'rs=0:di=01;34:ln=01;36:mh=00:pi=40;33:so=01;35:do=01;35:bd=40;33;01:cd=40;33;01:or=40;31;01:mi=00:su=37;41:sg=30;43:ca=30;41:tw=30;42:ow=34;42:st=37;44:ex=01;32:*.tar=01;31:*.tgz=01;31:*.arc=01;31:*.arj=01;31:*.taz=01;31:*.lha=01;31:*.lz4=01;31:*.lzh=01;31:*.lzma=01;31:*.tlz=01;31:*.txz=01;31:*.tzo=01;31:*.t7z=01;31:*.zip=01;31:*.z=01;31:*.dz=01;31:*.gz=01;31:*.lrz=01;31:*.lz=01;31:*.lzo=01;31:*.xz=01;31:*.zst=01;31:*.tzst=01;31:*.bz2=01;31:*.bz=01;31:*.tbz=01;31:*.tbz2=01;31:*.tz=01;31:*.deb=01;31:*.rpm=01;31:*.jar=01;31:*.war=01;31:*.ear=01;31:*.sar=01;31:*.rar=01;31:*.alz=01;31:*.ace=01;31:*.zoo=01;31:*.cpio=01;31:*.7z=01;31:*.rz=01;31:*.cab=01;31:*.wim=01;31:*.swm=01;31:*.dwm=01;31:*.esd=01;31:*.jpg=01;35:*.jpeg=01;35:*.mjpg=01;35:*.mjpeg=01;35:*.gif=01;35:*.bmp=01;35:*.pbm=01;35:*.pgm=01;35:*.ppm=01;35:*.tga=01;35:*.xbm=01;35:*.xpm=01;35:*.tif=01;35:*.tiff=01;35:*.png=01;35:*.svg=01;35:*.svgz=01;35:*.mng=01;35:*.pcx=01;35:*.mov=01;35:*.mpg=01;35:*.mpeg=01;35:*.m2v=01;35:*.mkv=01;35:*.webm=01;35:*.ogm=01;35:*.mp4=01;35:*.m4v=01;35:*.mp4v=01;35:*.vob=01;35:*.qt=01;35:*.nuv=01;35:*.wmv=01;35:*.asf=01;35:*.rm=01;35:*.rmvb=01;35:*.flc=01;35:*.avi=01;35:*.fli=01;35:*.flv=01;35:*.gl=01;35:*.dl=01;35:*.xcf=01;35:*.xwd=01;35:*.yuv=01;35:*.cgm=01;35:*.emf=01;35:*.ogv=01;35:*.ogx=01;35:*.aac=00;36:*.au=00;36:*.flac=00;36:*.m4a=00;36:*.mid=00;36:*.midi=00;36:*.mka=00;36:*.mp3=00;36:*.mpc=00;36:*.ogg=00;36:*.ra=00;36:*.wav=00;36:*.oga=00;36:*.opus=00;36:*.spx=00;36:*.xspf=00;36:'), ('GNOME_TERMINAL_SERVICE', ':1.80'), ('SSH_AUTH_SOCK', '/run/user/1000/keyring/ssh'), ('AMENT_PREFIX_PATH', '/home/april/workAreas/apriltag_ws/install/py_pysub:/home/april/workAreas/apriltag_ws/install/cam_subscriber:/home/april/workAreas/apriltag_ws/install/apriltag_ros:/home/april/workAreas/apriltag_ws/install/apriltag_msgs:/home/april/rosApril_ws/install/py_pysub:/home/april/rosApril_ws/install/cam_subscriber:/home/april/rosApril_ws/install/apriltag_ros:/home/april/rosApril_ws/install/apriltag_msgs:/opt/ros/foxy'), ('SHELL', '/bin/bash'), ('QT_ACCESSIBILITY', '1'), ('GDMSESSION', 'ubuntu'), ('LESSCLOSE', '/usr/bin/lesspipe %s %s'), ('GPG_AGENT_INFO', '/run/user/1000/gnupg/S.gpg-agent:0:1'), ('GJS_DEBUG_OUTPUT', 'stderr'), ('QT_IM_MODULE', 'ibus'), ('PWD', '/home/april/workAreas/apriltag_ws/build/apriltag_msgs'), ('LC_ALL', 'en_US.UTF-8'), ('XDG_CONFIG_DIRS', '/etc/xdg/xdg-ubuntu:/etc/xdg'), ('XDG_DATA_DIRS', '/usr/share/ubuntu:/usr/local/share/:/usr/share/:/var/lib/snapd/desktop'), ('PYTHONPATH', '/home/april/workAreas/apriltag_ws/install/py_pysub/lib/python3.8/site-packages:/home/april/workAreas/apriltag_ws/install/cam_subscriber/lib/python3.8/site-packages:/home/april/workAreas/apriltag_ws/install/apriltag_msgs/lib/python3.8/site-packages:/home/april/rosApril_ws/install/py_pysub/lib/python3.8/site-packages:/home/april/rosApril_ws/install/cam_subscriber/lib/python3.8/site-packages:/home/april/rosApril_ws/install/apriltag_msgs/lib/python3.8/site-packages:/opt/ros/foxy/lib/python3.8/site-packages'), ('COLCON', '1'), ('VTE_VERSION', '6003'), ('CMAKE_PREFIX_PATH', '/home/april/workAreas/apriltag_ws/install/apriltag_ros:/home/april/workAreas/apriltag_ws/install/apriltag_msgs:/home/april/rosApril_ws/install/apriltag_ros:/home/april/rosApril_ws/install/apriltag_msgs:/home/april/workAreas/apriltag_ws/install/py_pysub:/home/april/workAreas/apriltag_ws/install/cam_subscriber:/home/april/rosApril_ws/install/py_pysub:/home/april/rosApril_ws/install/cam_subscriber:/opt/ros/foxy')]), 'shell': False}
[0.280155] (-) TimerEvent: {}
[0.382463] (-) TimerEvent: {}
[0.484875] (-) TimerEvent: {}
[0.586006] (-) TimerEvent: {}
[0.688061] (-) TimerEvent: {}
[0.789283] (-) TimerEvent: {}
[0.890635] (-) TimerEvent: {}
[0.962271] (apriltag_msgs) StdoutLine: {'line': b'[  2%] Built target apriltag_msgs__cpp\n'}
[0.991325] (-) TimerEvent: {}
[1.076419] (apriltag_msgs) StdoutLine: {'line': b'[ 12%] Built target apriltag_msgs__rosidl_generator_c\n'}
[1.093740] (-) TimerEvent: {}
[1.199322] (-) TimerEvent: {}
[1.295587] (apriltag_msgs) StdoutLine: {'line': b'[ 23%] Built target apriltag_msgs__rosidl_typesupport_cpp\n'}
[1.299565] (-) TimerEvent: {}
[1.354428] (apriltag_msgs) StdoutLine: {'line': b'[ 34%] Built target apriltag_msgs__rosidl_typesupport_fastrtps_cpp\n'}
[1.399987] (-) TimerEvent: {}
[1.501312] (-) TimerEvent: {}
[1.577242] (apriltag_msgs) StdoutLine: {'line': b'[ 44%] Built target apriltag_msgs__rosidl_typesupport_c\n'}
[1.601515] (-) TimerEvent: {}
[1.702841] (-) TimerEvent: {}
[1.808578] (-) TimerEvent: {}
[1.839086] (apriltag_msgs) StdoutLine: {'line': b'[ 55%] Built target apriltag_msgs__rosidl_typesupport_fastrtps_c\n'}
[1.909054] (-) TimerEvent: {}
[2.007216] (apriltag_msgs) StdoutLine: {'line': b'[ 65%] Built target apriltag_msgs__rosidl_typesupport_introspection_c\n'}
[2.009140] (-) TimerEvent: {}
[2.110550] (-) TimerEvent: {}
[2.192943] (apriltag_msgs) StdoutLine: {'line': b'[ 76%] Built target apriltag_msgs__rosidl_typesupport_introspection_cpp\n'}
[2.211149] (-) TimerEvent: {}
[2.313608] (-) TimerEvent: {}
[2.414555] (-) TimerEvent: {}
[2.515643] (-) TimerEvent: {}
[2.523971] (apriltag_msgs) StdoutLine: {'line': b'[ 76%] Built target apriltag_msgs\n'}
[2.616018] (-) TimerEvent: {}
[2.717007] (-) TimerEvent: {}
[2.770509] (apriltag_msgs) StdoutLine: {'line': b'[ 78%] Built target apriltag_msgs__py\n'}
[2.817251] (-) TimerEvent: {}
[2.918489] (-) TimerEvent: {}
[3.019717] (-) TimerEvent: {}
[3.043518] (apriltag_msgs) StdoutLine: {'line': b'[ 87%] Built target apriltag_msgs__python\n'}
[3.123329] (-) TimerEvent: {}
[3.232116] (-) TimerEvent: {}
[3.333228] (-) TimerEvent: {}
[3.344927] (apriltag_msgs) StdoutLine: {'line': b'[ 91%] Built target apriltag_msgs__rosidl_typesupport_introspection_c__pyext\n'}
[3.433601] (-) TimerEvent: {}
[3.535529] (-) TimerEvent: {}
[3.634995] (apriltag_msgs) StdoutLine: {'line': b'[ 95%] Built target apriltag_msgs__rosidl_typesupport_c__pyext\n'}
[3.641678] (-) TimerEvent: {}
[3.736743] (apriltag_msgs) StderrLine: {'line': b'make[1]: *** [CMakeFiles/Makefile2:159: CMakeFiles/apriltag_msgs__rosidl_typesupport_fastrtps_c__pyext.dir/all] Interrupt\n'}
[3.740536] (apriltag_msgs) StderrLine: {'line': b'make: *** [Makefile:141: all] Interrupt\n'}
[3.741588] (-) TimerEvent: {}
[3.749524] (apriltag_msgs) CommandEnded: {'returncode': -2}
[3.833951] (py_pysub) StderrLine: {'line': b'Traceback (most recent call last):\n  File "/usr/lib/python3/dist-packages/colcon_parallel_executor/executor/parallel.py", line 67, in execute\n    loop.run_until_complete(future)\n  File "/usr/lib/python3.8/asyncio/base_events.py", line 603, in run_until_complete\n    self.run_forever()\n  File "/usr/lib/python3.8/asyncio/base_events.py", line 570, in run_forever\n    self._run_once()\n  File "/usr/lib/python3.8/asyncio/base_events.py", line 1823, in _run_once\n    event_list = self._selector.select(timeout)\n  File "/usr/lib/python3.8/selectors.py", line 468, in select\n    fd_event_list = self._selector.poll(timeout, max_ev)\nKeyboardInterrupt\n\nDuring handling of the above exception, another exception occurred:\n\nTraceback (most recent call last):\n  File "/usr/lib/python3/dist-packages/colcon_core/executor/__init__.py", line 91, in __call__\n    rc = await self.task(*args, **kwargs)\n  File "/usr/lib/python3/dist-packages/colcon_core/task/__init__.py", line 93, in __call__\n    return await task_method(*args, **kwargs)\n  File "/usr/lib/python3/dist-packages/colcon_ros/task/ament_python/build.py", line 105, in build\n    return await extension.build(additional_hooks=additional_hooks)\n  File "/usr/lib/python3/dist-packages/colcon_core/task/python/build.py", line 81, in build\n    available_commands = await self._get_available_commands(\n  File "/usr/lib/python3/dist-packages/colcon_core/task/python/build.py", line 171, in _get_available_commands\n    output = await check_output(\n  File "/usr/lib/python3/dist-packages/colcon_core/subprocess.py", line 128, in check_output\n    assert not rc, f\'Expected {args} to pass: {stderr_data}\'\nAssertionError: Expected [\'/usr/bin/python3\', \'setup.py\', \'--help-commands\'] to pass: Traceback (most recent call last):\n  File "setup.py", line 1, in <module>\n    from setuptools import setup\n  File "/usr/lib/python3/dist-packages/setuptools/__init__.py", line 17, in <module>\n    import setuptools.version\n  File "/usr/lib/python3/dist-packages/setuptools/version.py", line 1, in <module>\n    import pkg_resources\n  File "/usr/lib/python3/dist-packages/pkg_resources/__init__.py", line 80, in <module>\n    from pkg_resources.extern import appdirs\n  File "<frozen importlib._bootstrap>", line 991, in _find_and_load\n  File "<frozen importlib._bootstrap>", line 971, in _find_and_load_unlocked\n  File "<frozen importlib._bootstrap>", line 914, in _find_spec\n  File "<frozen importlib._bootstrap_external>", line 1407, in find_spec\n  File "<frozen importlib._bootstrap_external>", line 1379, in _get_spec\n  File "<frozen importlib._bootstrap_external>", line 1506, in find_spec\n  File "<frozen importlib._bootstrap_external>", line 142, in _path_stat\nKeyboardInterrupt\n\n'}
[3.847902] (-) TimerEvent: {}
[3.849775] (py_pysub) JobEnded: {'identifier': 'py_pysub', 'rc': 'SIGINT'}
[3.949684] (-) TimerEvent: {}
[4.051007] (-) TimerEvent: {}
[4.151812] (-) TimerEvent: {}
[4.252990] (-) TimerEvent: {}
[4.353960] (-) TimerEvent: {}
[4.455517] (-) TimerEvent: {}
[4.564251] (-) TimerEvent: {}
[4.683950] (-) TimerEvent: {}
[4.785388] (-) TimerEvent: {}
[4.887479] (-) TimerEvent: {}
[4.928871] (apriltag_msgs) JobEnded: {'identifier': 'apriltag_msgs', 'rc': 'SIGINT'}
[4.963888] (apriltag_ros) JobSkipped: {'identifier': 'apriltag_ros'}
[4.966146] (cam_subscriber) JobSkipped: {'identifier': 'cam_subscriber'}
[4.968566] (-) EventReactorShutdown: {}
