[0.000000] (-) TimerEvent: {}
[0.004291] (apriltag_msgs) JobQueued: {'identifier': 'apriltag_msgs', 'dependencies': OrderedDict()}
[0.004984] (py_pysub) JobQueued: {'identifier': 'py_pysub', 'dependencies': OrderedDict()}
[0.005791] (apriltag_ros) JobQueued: {'identifier': 'apriltag_ros', 'dependencies': OrderedDict([('apriltag_msgs', '/home/april/workAreas/apriltag_ws/install/apriltag_msgs')])}
[0.006239] (cam_subscriber) JobQueued: {'identifier': 'cam_subscriber', 'dependencies': OrderedDict([('apriltag_msgs', '/home/april/workAreas/apriltag_ws/install/apriltag_msgs')])}
[0.006854] (apriltag_msgs) JobStarted: {'identifier': 'apriltag_msgs'}
[0.079375] (-) TimerEvent: {}
[0.110225] (py_pysub) JobStarted: {'identifier': 'py_pysub'}
[0.205455] (-) TimerEvent: {}
[0.320086] (apriltag_msgs) JobProgress: {'identifier': 'apriltag_msgs', 'progress': 'cmake'}
[0.321094] (-) TimerEvent: {}
[0.347263] (apriltag_msgs) JobProgress: {'identifier': 'apriltag_msgs', 'progress': 'build'}
[0.355722] (apriltag_msgs) Command: {'cmd': ['/usr/bin/cmake', '--build', '/home/april/workAreas/apriltag_ws/build/apriltag_msgs', '--', '-j4', '-l4'], 'cwd': '/home/april/workAreas/apriltag_ws/build/apriltag_msgs', 'env': OrderedDict([('GJS_DEBUG_TOPICS', 'JS ERROR;JS LOG'), ('LESSOPEN', '| /usr/bin/lesspipe %s'), ('USER', 'april'), ('SSH_AGENT_PID', '1672'), ('XDG_SESSION_TYPE', 'x11'), ('SHLVL', '1'), ('LD_LIBRARY_PATH', '/home/april/workAreas/apriltag_ws/install/apriltag_ros/lib:/home/april/workAreas/apriltag_ws/install/apriltag_msgs/lib:/home/april/rosApril_ws/install/apriltag_ros/lib:/home/april/rosApril_ws/install/apriltag_msgs/lib:/opt/ros/foxy/opt/yaml_cpp_vendor/lib:/opt/ros/foxy/opt/rviz_ogre_vendor/lib:/opt/ros/foxy/lib/aarch64-linux-gnu:/opt/ros/foxy/lib'), ('HOME', '/home/april'), ('DESKTOP_SESSION', 'ubuntu'), ('ROS_PYTHON_VERSION', '3'), ('GNOME_SHELL_SESSION_MODE', 'ubuntu'), ('GTK_MODULES', 'gail:atk-bridge'), ('MANAGERPID', '1498'), ('DBUS_SESSION_BUS_ADDRESS', 'unix:path=/run/user/1000/bus'), ('COLORTERM', 'truecolor'), ('IM_CONFIG_PHASE', '1'), ('COLCON_PREFIX_PATH', '/home/april/workAreas/apriltag_ws/install:/home/april/rosApril_ws/install'), ('ROS_DISTRO', 'foxy'), ('LOGNAME', 'april'), ('JOURNAL_STREAM', '9:36518'), ('_', '/usr/bin/colcon'), ('ROS_VERSION', '2'), ('XDG_SESSION_CLASS', 'user'), ('USERNAME', 'april'), ('TERM', 'xterm-256color'), ('GNOME_DESKTOP_SESSION_ID', 'this-is-deprecated'), ('ROS_LOCALHOST_ONLY', '0'), ('WINDOWPATH', '2'), ('PATH', '/opt/ros/foxy/bin:/home/april/.local/bin:/usr/local/sbin:/usr/local/bin:/usr/sbin:/usr/bin:/sbin:/bin:/usr/games:/usr/local/games:/snap/bin'), ('SESSION_MANAGER', 'local/pi-april:@/tmp/.ICE-unix/1729,unix/pi-april:/tmp/.ICE-unix/1729'), ('INVOCATION_ID', 'fe42cd14667042b0814ec0392d96deab'), ('XDG_MENU_PREFIX', 'gnome-'), ('GNOME_TERMINAL_SCREEN', '/org/gnome/Terminal/screen/8a3328ac_c1d4_458d_b0e0_cc47d745e111'), ('XDG_RUNTIME_DIR', '/run/user/1000'), ('DISPLAY', ':1'), ('LANG', 'en_US.UTF-8'), ('XDG_CURRENT_DESKTOP', 'ubuntu:GNOME'), ('XMODIFIERS', '@im=ibus'), ('XDG_SESSION_DESKTOP', 'ubuntu'), ('XAUTHORITY', '/run/user/1000/gdm/Xauthority'), ('LS_COLORS', 'rs=0:di=01;34:ln=01;36:mh=00:pi=40;33:so=01;35:do=01;35:bd=40;33;01:cd=40;33;01:or=40;31;01:mi=00:su=37;41:sg=30;43:ca=30;41:tw=30;42:ow=34;42:st=37;44:ex=01;32:*.tar=01;31:*.tgz=01;31:*.arc=01;31:*.arj=01;31:*.taz=01;31:*.lha=01;31:*.lz4=01;31:*.lzh=01;31:*.lzma=01;31:*.tlz=01;31:*.txz=01;31:*.tzo=01;31:*.t7z=01;31:*.zip=01;31:*.z=01;31:*.dz=01;31:*.gz=01;31:*.lrz=01;31:*.lz=01;31:*.lzo=01;31:*.xz=01;31:*.zst=01;31:*.tzst=01;31:*.bz2=01;31:*.bz=01;31:*.tbz=01;31:*.tbz2=01;31:*.tz=01;31:*.deb=01;31:*.rpm=01;31:*.jar=01;31:*.war=01;31:*.ear=01;31:*.sar=01;31:*.rar=01;31:*.alz=01;31:*.ace=01;31:*.zoo=01;31:*.cpio=01;31:*.7z=01;31:*.rz=01;31:*.cab=01;31:*.wim=01;31:*.swm=01;31:*.dwm=01;31:*.esd=01;31:*.jpg=01;35:*.jpeg=01;35:*.mjpg=01;35:*.mjpeg=01;35:*.gif=01;35:*.bmp=01;35:*.pbm=01;35:*.pgm=01;35:*.ppm=01;35:*.tga=01;35:*.xbm=01;35:*.xpm=01;35:*.tif=01;35:*.tiff=01;35:*.png=01;35:*.svg=01;35:*.svgz=01;35:*.mng=01;35:*.pcx=01;35:*.mov=01;35:*.mpg=01;35:*.mpeg=01;35:*.m2v=01;35:*.mkv=01;35:*.webm=01;35:*.ogm=01;35:*.mp4=01;35:*.m4v=01;35:*.mp4v=01;35:*.vob=01;35:*.qt=01;35:*.nuv=01;35:*.wmv=01;35:*.asf=01;35:*.rm=01;35:*.rmvb=01;35:*.flc=01;35:*.avi=01;35:*.fli=01;35:*.flv=01;35:*.gl=01;35:*.dl=01;35:*.xcf=01;35:*.xwd=01;35:*.yuv=01;35:*.cgm=01;35:*.emf=01;35:*.ogv=01;35:*.ogx=01;35:*.aac=00;36:*.au=00;36:*.flac=00;36:*.m4a=00;36:*.mid=00;36:*.midi=00;36:*.mka=00;36:*.mp3=00;36:*.mpc=00;36:*.ogg=00;36:*.ra=00;36:*.wav=00;36:*.oga=00;36:*.opus=00;36:*.spx=00;36:*.xspf=00;36:'), ('GNOME_TERMINAL_SERVICE', ':1.77'), ('SSH_AUTH_SOCK', '/run/user/1000/keyring/ssh'), ('AMENT_PREFIX_PATH', '/home/april/workAreas/apriltag_ws/install/py_pysub:/home/april/workAreas/apriltag_ws/install/cam_subscriber:/home/april/workAreas/apriltag_ws/install/apriltag_ros:/home/april/workAreas/apriltag_ws/install/apriltag_msgs:/home/april/rosApril_ws/install/py_pysub:/home/april/rosApril_ws/install/cam_subscriber:/home/april/rosApril_ws/install/apriltag_ros:/home/april/rosApril_ws/install/apriltag_msgs:/opt/ros/foxy'), ('SHELL', '/bin/bash'), ('QT_ACCESSIBILITY', '1'), ('GDMSESSION', 'ubuntu'), ('LESSCLOSE', '/usr/bin/lesspipe %s %s'), ('GPG_AGENT_INFO', '/run/user/1000/gnupg/S.gpg-agent:0:1'), ('GJS_DEBUG_OUTPUT', 'stderr'), ('QT_IM_MODULE', 'ibus'), ('PWD', '/home/april/workAreas/apriltag_ws/build/apriltag_msgs'), ('LC_ALL', 'en_US.UTF-8'), ('XDG_CONFIG_DIRS', '/etc/xdg/xdg-ubuntu:/etc/xdg'), ('XDG_DATA_DIRS', '/usr/share/ubuntu:/usr/local/share/:/usr/share/:/var/lib/snapd/desktop'), ('PYTHONPATH', '/home/april/workAreas/apriltag_ws/install/py_pysub/lib/python3.8/site-packages:/home/april/workAreas/apriltag_ws/install/cam_subscriber/lib/python3.8/site-packages:/home/april/workAreas/apriltag_ws/install/apriltag_msgs/lib/python3.8/site-packages:/home/april/rosApril_ws/install/py_pysub/lib/python3.8/site-packages:/home/april/rosApril_ws/install/cam_subscriber/lib/python3.8/site-packages:/home/april/rosApril_ws/install/apriltag_msgs/lib/python3.8/site-packages:/opt/ros/foxy/lib/python3.8/site-packages'), ('COLCON', '1'), ('VTE_VERSION', '6003'), ('CMAKE_PREFIX_PATH', '/home/april/workAreas/apriltag_ws/install/apriltag_ros:/home/april/workAreas/apriltag_ws/install/apriltag_msgs:/home/april/rosApril_ws/install/apriltag_ros:/home/april/rosApril_ws/install/apriltag_msgs:/home/april/workAreas/apriltag_ws/install/py_pysub:/home/april/workAreas/apriltag_ws/install/cam_subscriber:/home/april/rosApril_ws/install/py_pysub:/home/april/rosApril_ws/install/cam_subscriber:/opt/ros/foxy')]), 'shell': False}
[0.423285] (-) TimerEvent: {}
[0.524674] (-) TimerEvent: {}
[0.626327] (-) TimerEvent: {}
[0.728580] (-) TimerEvent: {}
[0.836247] (-) TimerEvent: {}
[0.942260] (-) TimerEvent: {}
[1.048337] (-) TimerEvent: {}
[1.150526] (-) TimerEvent: {}
[1.173165] (apriltag_msgs) StdoutLine: {'line': b'[ 10%] Built target apriltag_msgs__rosidl_generator_c\n'}
[1.177786] (apriltag_msgs) StdoutLine: {'line': b'[ 12%] Built target apriltag_msgs__cpp\n'}
[1.251824] (-) TimerEvent: {}
[1.352756] (-) TimerEvent: {}
[1.453914] (-) TimerEvent: {}
[1.530149] (apriltag_msgs) StdoutLine: {'line': b'[ 23%] Built target apriltag_msgs__rosidl_typesupport_c\n'}
[1.547647] (apriltag_msgs) StdoutLine: {'line': b'[ 34%] Built target apriltag_msgs__rosidl_typesupport_introspection_c\n'}
[1.555831] (-) TimerEvent: {}
[1.635667] (apriltag_msgs) StdoutLine: {'line': b'[ 44%] Built target apriltag_msgs__rosidl_typesupport_introspection_cpp\n'}
[1.656125] (-) TimerEvent: {}
[1.761718] (-) TimerEvent: {}
[1.832129] (apriltag_msgs) StdoutLine: {'line': b'[ 55%] Built target apriltag_msgs__rosidl_typesupport_cpp\n'}
[1.862212] (-) TimerEvent: {}
[1.887266] (apriltag_msgs) StdoutLine: {'line': b'[ 65%] Built target apriltag_msgs__rosidl_typesupport_fastrtps_cpp\n'}
[1.962722] (-) TimerEvent: {}
[2.063743] (-) TimerEvent: {}
[2.165384] (-) TimerEvent: {}
[2.241033] (apriltag_msgs) StdoutLine: {'line': b'[ 76%] Built target apriltag_msgs__rosidl_typesupport_fastrtps_c\n'}
[2.265719] (-) TimerEvent: {}
[2.366665] (-) TimerEvent: {}
[2.469253] (-) TimerEvent: {}
[2.505947] (apriltag_msgs) StdoutLine: {'line': b'[ 76%] Built target apriltag_msgs\n'}
[2.569519] (-) TimerEvent: {}
[2.670825] (-) TimerEvent: {}
[2.777314] (-) TimerEvent: {}
[2.795794] (apriltag_msgs) StdoutLine: {'line': b'[ 78%] Built target apriltag_msgs__py\n'}
[2.877953] (-) TimerEvent: {}
[2.981601] (-) TimerEvent: {}
[3.098692] (-) TimerEvent: {}
[3.117783] (apriltag_msgs) StdoutLine: {'line': b'[ 87%] Built target apriltag_msgs__python\n'}
[3.199579] (-) TimerEvent: {}
[3.325412] (-) TimerEvent: {}
[3.427052] (-) TimerEvent: {}
[3.528999] (-) TimerEvent: {}
[3.573475] (apriltag_msgs) StdoutLine: {'line': b'[ 91%] Built target apriltag_msgs__rosidl_typesupport_introspection_c__pyext\n'}
[3.629283] (-) TimerEvent: {}
[3.678347] (apriltag_msgs) StdoutLine: {'line': b'[ 95%] Built target apriltag_msgs__rosidl_typesupport_c__pyext\n'}
[3.684532] (apriltag_msgs) StdoutLine: {'line': b'[100%] Built target apriltag_msgs__rosidl_typesupport_fastrtps_c__pyext\n'}
[3.729840] (-) TimerEvent: {}
[3.811128] (apriltag_msgs) CommandEnded: {'returncode': 0}
[3.830082] (-) TimerEvent: {}
[3.931244] (-) TimerEvent: {}
[4.032056] (-) TimerEvent: {}
[4.134240] (-) TimerEvent: {}
[4.235139] (-) TimerEvent: {}
[4.336553] (-) TimerEvent: {}
[4.355829] (apriltag_msgs) StderrLine: {'line': b'Traceback (most recent call last):\n  File "/usr/lib/python3/dist-packages/colcon_parallel_executor/executor/parallel.py", line 67, in execute\n    loop.run_until_complete(future)\n  File "/usr/lib/python3.8/asyncio/base_events.py", line 603, in run_until_complete\n    self.run_forever()\n  File "/usr/lib/python3.8/asyncio/base_events.py", line 570, in run_forever\n    self._run_once()\n  File "/usr/lib/python3.8/asyncio/base_events.py", line 1823, in _run_once\n    event_list = self._selector.select(timeout)\n  File "/usr/lib/python3.8/selectors.py", line 468, in select\n    fd_event_list = self._selector.poll(timeout, max_ev)\nKeyboardInterrupt\n\nDuring handling of the above exception, another exception occurred:\n\nTraceback (most recent call last):\n  File "/usr/lib/python3/dist-packages/colcon_core/executor/__init__.py", line 91, in __call__\n    rc = await self.task(*args, **kwargs)\n  File "/usr/lib/python3/dist-packages/colcon_core/task/__init__.py", line 93, in __call__\n    return await task_method(*args, **kwargs)\n  File "/usr/lib/python3/dist-packages/colcon_ros/task/ament_cmake/build.py", line 59, in build\n    rc = await extension.build(\n  File "/usr/lib/python3/dist-packages/colcon_cmake/task/cmake/build.py", line 110, in build\n    if await has_target(args.build_base, \'install\'):\n  File "/usr/lib/python3/dist-packages/colcon_cmake/task/cmake/__init__.py", line 57, in has_target\n    return target in await get_makefile_targets(path)\n  File "/usr/lib/python3/dist-packages/colcon_cmake/task/cmake/__init__.py", line 77, in get_makefile_targets\n    output = await check_output([\n  File "/usr/lib/python3/dist-packages/colcon_core/subprocess.py", line 128, in check_output\n    assert not rc, f\'Expected {args} to pass: {stderr_data}\'\nAssertionError: Expected [\'/usr/bin/cmake\', \'--build\', \'/home/april/workAreas/apriltag_ws/build/apriltag_msgs\', \'--target\', \'help\'] to pass: make: *** [Makefile:1149: help] Interrupt\n\n'}
[4.357567] (apriltag_msgs) JobEnded: {'identifier': 'apriltag_msgs', 'rc': 'SIGINT'}
[4.436717] (-) TimerEvent: {}
[4.450553] (py_pysub) JobEnded: {'identifier': 'py_pysub', 'rc': 'SIGINT'}
[4.484461] (apriltag_ros) JobSkipped: {'identifier': 'apriltag_ros'}
[4.484732] (cam_subscriber) JobSkipped: {'identifier': 'cam_subscriber'}
[4.484828] (-) EventReactorShutdown: {}
